d:\studia_krzysiek\semestr2\programowanie_obiektowe\programowanieobiektoweprojekt1\programowanieobiektoweprojekt1\debug\vc142.pdb
d:\studia_krzysiek\semestr2\programowanie_obiektowe\programowanieobiektoweprojekt1\programowanieobiektoweprojekt1\debug\vc142.idb
d:\studia_krzysiek\semestr2\programowanie_obiektowe\programowanieobiektoweprojekt1\programowanieobiektoweprojekt1\debug\main.obj
d:\studia_krzysiek\semestr2\programowanie_obiektowe\programowanieobiektoweprojekt1\programowanieobiektoweprojekt1\debug\menu.obj
d:\studia_krzysiek\semestr2\programowanie_obiektowe\programowanieobiektoweprojekt1\programowanieobiektoweprojekt1\debug\world.obj
d:\studia_krzysiek\semestr2\programowanie_obiektowe\programowanieobiektoweprojekt1\programowanieobiektoweprojekt1\debug\wilk.obj
d:\studia_krzysiek\semestr2\programowanie_obiektowe\programowanieobiektoweprojekt1\programowanieobiektoweprojekt1\debug\animal.obj
d:\studia_krzysiek\semestr2\programowanie_obiektowe\programowanieobiektoweprojekt1\programowanieobiektoweprojekt1\debug\organism.obj
d:\studia_krzysiek\semestr2\programowanie_obiektowe\programowanieobiektoweprojekt1\programowanieobiektoweprojekt1\debug\event.obj
d:\studia_krzysiek\semestr2\programowanie_obiektowe\programowanieobiektoweprojekt1\debug\programowanieobiektoweprojekt1.exe
d:\studia_krzysiek\semestr2\programowanie_obiektowe\programowanieobiektoweprojekt1\programowanieobiektoweprojekt1\debug\programowanieobiektoweprojekt1.ilk
d:\studia_krzysiek\semestr2\programowanie_obiektowe\programowanieobiektoweprojekt1\debug\programowanieobiektoweprojekt1.pdb
d:\studia_krzysiek\semestr2\programowanie_obiektowe\programowanieobiektoweprojekt1\programowanieobiektoweprojekt1\debug\programo.24bdd929.tlog\cl.command.1.tlog
d:\studia_krzysiek\semestr2\programowanie_obiektowe\programowanieobiektoweprojekt1\programowanieobiektoweprojekt1\debug\programo.24bdd929.tlog\cl.read.1.tlog
d:\studia_krzysiek\semestr2\programowanie_obiektowe\programowanieobiektoweprojekt1\programowanieobiektoweprojekt1\debug\programo.24bdd929.tlog\cl.write.1.tlog
d:\studia_krzysiek\semestr2\programowanie_obiektowe\programowanieobiektoweprojekt1\programowanieobiektoweprojekt1\debug\programo.24bdd929.tlog\link-cvtres.read.1.tlog
d:\studia_krzysiek\semestr2\programowanie_obiektowe\programowanieobiektoweprojekt1\programowanieobiektoweprojekt1\debug\programo.24bdd929.tlog\link-cvtres.write.1.tlog
d:\studia_krzysiek\semestr2\programowanie_obiektowe\programowanieobiektoweprojekt1\programowanieobiektoweprojekt1\debug\programo.24bdd929.tlog\link-rc.read.1.tlog
d:\studia_krzysiek\semestr2\programowanie_obiektowe\programowanieobiektoweprojekt1\programowanieobiektoweprojekt1\debug\programo.24bdd929.tlog\link-rc.write.1.tlog
d:\studia_krzysiek\semestr2\programowanie_obiektowe\programowanieobiektoweprojekt1\programowanieobiektoweprojekt1\debug\programo.24bdd929.tlog\link.13580-cvtres.read.1.tlog
d:\studia_krzysiek\semestr2\programowanie_obiektowe\programowanieobiektoweprojekt1\programowanieobiektoweprojekt1\debug\programo.24bdd929.tlog\link.13580-cvtres.write.1.tlog
d:\studia_krzysiek\semestr2\programowanie_obiektowe\programowanieobiektoweprojekt1\programowanieobiektoweprojekt1\debug\programo.24bdd929.tlog\link.13580-rc.read.1.tlog
d:\studia_krzysiek\semestr2\programowanie_obiektowe\programowanieobiektoweprojekt1\programowanieobiektoweprojekt1\debug\programo.24bdd929.tlog\link.13580-rc.write.1.tlog
d:\studia_krzysiek\semestr2\programowanie_obiektowe\programowanieobiektoweprojekt1\programowanieobiektoweprojekt1\debug\programo.24bdd929.tlog\link.13580.read.1.tlog
d:\studia_krzysiek\semestr2\programowanie_obiektowe\programowanieobiektoweprojekt1\programowanieobiektoweprojekt1\debug\programo.24bdd929.tlog\link.13580.write.1.tlog
d:\studia_krzysiek\semestr2\programowanie_obiektowe\programowanieobiektoweprojekt1\programowanieobiektoweprojekt1\debug\programo.24bdd929.tlog\link.command.1.tlog
d:\studia_krzysiek\semestr2\programowanie_obiektowe\programowanieobiektoweprojekt1\programowanieobiektoweprojekt1\debug\programo.24bdd929.tlog\link.read.1.tlog
d:\studia_krzysiek\semestr2\programowanie_obiektowe\programowanieobiektoweprojekt1\programowanieobiektoweprojekt1\debug\programo.24bdd929.tlog\link.write.1.tlog
